<?xml version="1.0" encoding="UTF-8"?>
<!-- Generated by org.testng.reporters.JUnitXMLReporter -->
<testsuite ignored="0" hostname="DESKTOP-KU0MUL7" failures="0" tests="7" name="Default test" time="9.212" errors="0" timestamp="2023-05-04T09:25:15 IST">
  <testcase classname="TestGithub.GithubRepo" name="creatingRepo" time="4.49"/>
  <testcase classname="TestGithub.GithubRepo" name="GetTheRepo" time="0.827"/>
  <testcase classname="TestGithub.GithubRepo" name="UpdateTheRepo" time="1.128"/>
  <testcase classname="TestGithub.GithubRepo" name="CreateFile" time="0.78"/>
  <testcase classname="TestGithub.GithubRepo" name="CreateRepoFork" time="0.633"/>
  <testcase classname="TestGithub.GithubRepo" name="ListFork" time="0.558"/>
  <testcase classname="TestGithub.GithubRepo" name="deleteRepo" time="0.719"/>
</testsuite> <!-- Default test -->
