<?xml version="1.0" encoding="UTF-8"?>
<!-- Generated by org.testng.reporters.JUnitXMLReporter -->
<testsuite ignored="0" hostname="DESKTOP-KU0MUL7" failures="0" tests="4" name="Default test" time="8.55" errors="0" timestamp="2023-05-04T16:39:06 IST">
  <testcase classname="TestGithub.CreateDeleteFile" name="creatingRepo" time="6.485"/>
  <testcase classname="TestGithub.CreateDeleteFile" name="CreateFile" time="0.677"/>
  <testcase classname="TestGithub.CreateDeleteFile" name="DeleteFile" time="0.654"/>
  <testcase classname="TestGithub.CreateDeleteFile" name="deleteRepo" time="0.649"/>
</testsuite> <!-- Default test -->
