<?xml version="1.0" encoding="UTF-8"?>
<!-- Generated by org.testng.reporters.JUnitXMLReporter -->
<testsuite ignored="0" hostname="LAPTOP-UD17I2HH" failures="0" tests="8" name="Test" time="6.116" errors="0" timestamp="2023-05-04T11:14:56 IST">
  <testcase classname="jdtest1ng.jdauthenticategithub" name="createRepository" time="2.74"/>
  <testcase classname="jdtest1ng.listrepositorieslanguage" name="listrepouser" time="0.358"/>
  <testcase classname="jdtest1ng.listrepotags" name="listrepotag" time="0.354"/>
  <testcase classname="jdtest1ng.listrepositoriesuser" name="listrepouser" time="0.429"/>
  <testcase classname="jdtest1ng.listpublicrepositories" name="listrepouser" time="0.55"/>
  <testcase classname="jdtest1ng.createorupdatefilecontent" name="createorupdatefile" time="0.532"/>
  <testcase classname="jdtest1ng.deletefile" name="deletfile" time="0.539"/>
  <testcase classname="jdtest1ng.deleterepo" name="deleterepository" time="0.562"/>
</testsuite> <!-- Test -->
