<?xml version="1.0" encoding="UTF-8"?>
<!-- Generated by org.testng.reporters.JUnitXMLReporter -->
<testsuite ignored="0" hostname="LAPTOP-UD17I2HH" failures="0" tests="8" name="Test" time="6.73" errors="0" timestamp="2023-05-05T16:48:01 IST">
  <testcase classname="jdtest1ng.jdauthenticategithub" name="createRepository" time="2.58"/>
  <testcase classname="jdtest1ng.jdauthenticategithub" name="listpublicrepository" time="0.54"/>
  <testcase classname="jdtest1ng.jdauthenticategithub" name="listrepolanguage" time="0.402"/>
  <testcase classname="jdtest1ng.jdauthenticategithub" name="listrepousers" time="0.439"/>
  <testcase classname="jdtest1ng.jdauthenticategithub" name="listrepotag" time="0.375"/>
  <testcase classname="jdtest1ng.jdauthenticategithub" name="createorupdatefile" time="1.116"/>
  <testcase classname="jdtest1ng.jdauthenticategithub" name="DeleteFile" time="0.669"/>
  <testcase classname="jdtest1ng.jdauthenticategithub" name="deleterepository" time="0.564"/>
</testsuite> <!-- Test -->
