<?xml version="1.0" encoding="UTF-8"?>
<testng-results ignored="0" total="8" passed="8" failed="0" skipped="0">
  <reporter-output>
  </reporter-output>
  <suite started-at="2023-05-11T17:35:07 IST" name="Default suite" finished-at="2023-05-11T17:35:22 IST" duration-ms="14184">
    <groups>
    </groups>
    <test started-at="2023-05-11T17:35:07 IST" name="Default test" finished-at="2023-05-11T17:35:22 IST" duration-ms="14184">
      <class name="jdtest1ng.jdauthenticategithub">
        <test-method signature="createRepository()[pri:1, instance:jdtest1ng.jdauthenticategithub@1dde4cb2]" started-at="2023-05-11T17:35:08 IST" name="createRepository" finished-at="2023-05-11T17:35:13 IST" duration-ms="5673" status="PASS">
          <reporter-output>
          </reporter-output>
        </test-method> <!-- createRepository -->
        <test-method signature="listpublicrepository()[pri:2, instance:jdtest1ng.jdauthenticategithub@1dde4cb2]" started-at="2023-05-11T17:35:13 IST" name="listpublicrepository" finished-at="2023-05-11T17:35:15 IST" duration-ms="1114" status="PASS">
          <reporter-output>
          </reporter-output>
        </test-method> <!-- listpublicrepository -->
        <test-method signature="listrepolanguage()[pri:3, instance:jdtest1ng.jdauthenticategithub@1dde4cb2]" started-at="2023-05-11T17:35:15 IST" name="listrepolanguage" finished-at="2023-05-11T17:35:15 IST" duration-ms="529" status="PASS">
          <reporter-output>
          </reporter-output>
        </test-method> <!-- listrepolanguage -->
        <test-method signature="listrepousers()[pri:4, instance:jdtest1ng.jdauthenticategithub@1dde4cb2]" started-at="2023-05-11T17:35:15 IST" name="listrepousers" finished-at="2023-05-11T17:35:16 IST" duration-ms="715" status="PASS">
          <reporter-output>
          </reporter-output>
        </test-method> <!-- listrepousers -->
        <test-method signature="listrepotag()[pri:5, instance:jdtest1ng.jdauthenticategithub@1dde4cb2]" started-at="2023-05-11T17:35:16 IST" name="listrepotag" finished-at="2023-05-11T17:35:17 IST" duration-ms="813" status="PASS">
          <reporter-output>
          </reporter-output>
        </test-method> <!-- listrepotag -->
        <test-method signature="createorupdatefile()[pri:6, instance:jdtest1ng.jdauthenticategithub@1dde4cb2]" started-at="2023-05-11T17:35:17 IST" name="createorupdatefile" finished-at="2023-05-11T17:35:19 IST" duration-ms="1970" status="PASS">
          <reporter-output>
          </reporter-output>
        </test-method> <!-- createorupdatefile -->
        <test-method signature="DeleteFile()[pri:7, instance:jdtest1ng.jdauthenticategithub@1dde4cb2]" started-at="2023-05-11T17:35:19 IST" name="DeleteFile" finished-at="2023-05-11T17:35:21 IST" duration-ms="2119" status="PASS">
          <reporter-output>
          </reporter-output>
        </test-method> <!-- DeleteFile -->
        <test-method signature="deleterepository()[pri:8, instance:jdtest1ng.jdauthenticategithub@1dde4cb2]" started-at="2023-05-11T17:35:21 IST" name="deleterepository" finished-at="2023-05-11T17:35:22 IST" duration-ms="922" status="PASS">
          <reporter-output>
          </reporter-output>
        </test-method> <!-- deleterepository -->
      </class> <!-- jdtest1ng.jdauthenticategithub -->
    </test> <!-- Default test -->
  </suite> <!-- Default suite -->
</testng-results>
